[1111/220910:ERROR:process_reader_win.cc(142)] SuspendThread: 拒绝访问。 (0x5)
[1111/220910:ERROR:process_reader_win.cc(142)] SuspendThread: 拒绝访问。 (0x5)
[1111/220910:ERROR:process_reader_win.cc(142)] SuspendThread: 拒绝访问。 (0x5)
[1111/220910:ERROR:process_reader_win.cc(173)] ResumeThread: 操作成功完成。 (0x0)
[1111/220910:ERROR:process_reader_win.cc(142)] SuspendThread: 拒绝访问。 (0x5)
[1111/220910:ERROR:process_reader_win.cc(142)] SuspendThread: 拒绝访问。 (0x5)
[1111/220910:ERROR:exception_snapshot_win.cc(88)] thread ID 37196 not found in process
[1111/220910:WARNING:crash_report_exception_handler.cc(60)] ProcessSnapshotWin::InitializeException failed
[1111/220910:ERROR:process_reader_win.cc(142)] SuspendThread: 拒绝访问。 (0x5)
[1111/220910:ERROR:process_reader_win.cc(142)] SuspendThread: 拒绝访问。 (0x5)
[1111/220910:ERROR:process_reader_win.cc(142)] SuspendThread: 拒绝访问。 (0x5)
[1111/220910:ERROR:process_reader_win.cc(142)] SuspendThread: 拒绝访问。 (0x5)
[1111/220910:ERROR:process_reader_win.cc(142)] SuspendThread: 拒绝访问。 (0x5)
[1111/220910:ERROR:process_reader_win.cc(142)] SuspendThread: 拒绝访问。 (0x5)
[1111/220910:ERROR:process_reader_win.cc(142)] SuspendThread: 拒绝访问。 (0x5)
[1111/220910:ERROR:process_reader_win.cc(173)] ResumeThread: 操作成功完成。 (0x0)
[1111/220910:ERROR:process_reader_win.cc(142)] SuspendThread: 拒绝访问。 (0x5)
[1111/220910:ERROR:process_reader_win.cc(142)] SuspendThread: 拒绝访问。 (0x5)
[1111/220910:ERROR:process_reader_win.cc(142)] SuspendThread: 拒绝访问。 (0x5)
[1111/220910:ERROR:process_reader_win.cc(142)] SuspendThread: 拒绝访问。 (0x5)
[1111/220910:ERROR:exception_snapshot_win.cc(88)] thread ID 41148 not found in process
[1111/220910:WARNING:crash_report_exception_handler.cc(60)] ProcessSnapshotWin::InitializeException failed
[1111/220910:ERROR:scoped_process_suspend.cc(38)] NtResumeProcess, ntstatus=-1073741558
